<?xml version="1.0" encoding="UTF-8"?>
<testng-results ignored="0" total="3" passed="2" failed="1" skipped="0">
  <reporter-output>
  </reporter-output>
  <suite started-at="2022-09-19T17:33:19 BST" name="Command line suite" finished-at="2022-09-19T17:33:33 BST" duration-ms="13831">
    <groups>
      <group name="Tittle">
        <method signature="BaseUrlTest.T03_BaseUrlTittletest()[pri:3, instance:com.crm.qa.testcases.BaseUrlTest@791f145a]" name="T03_BaseUrlTittletest" class="com.crm.qa.testcases.BaseUrlTest"/>
      </group> <!-- Tittle -->
      <group name="Login">
        <method signature="BaseUrlTest.T01_clickLoginTest()[pri:1, instance:com.crm.qa.testcases.BaseUrlTest@791f145a]" name="T01_clickLoginTest" class="com.crm.qa.testcases.BaseUrlTest"/>
      </group> <!-- Login -->
      <group name="Logo">
        <method signature="BaseUrlTest.T02_BaseUrlPageLogoTest()[pri:2, instance:com.crm.qa.testcases.BaseUrlTest@791f145a]" name="T02_BaseUrlPageLogoTest" class="com.crm.qa.testcases.BaseUrlTest"/>
      </group> <!-- Logo -->
    </groups>
    <test started-at="2022-09-19T17:33:19 BST" name="Command line test" finished-at="2022-09-19T17:33:33 BST" duration-ms="13831">
      <class name="com.crm.qa.testcases.BaseUrlTest">
        <test-method is-config="true" signature="setUp()[pri:0, instance:com.crm.qa.testcases.BaseUrlTest@791f145a]" started-at="2022-09-19T17:33:19 BST" name="setUp" finished-at="2022-09-19T17:33:22 BST" duration-ms="2719" status="PASS">
          <reporter-output>
          </reporter-output>
        </test-method> <!-- setUp -->
        <test-method signature="T01_clickLoginTest()[pri:1, instance:com.crm.qa.testcases.BaseUrlTest@791f145a]" started-at="2022-09-19T17:33:22 BST" name="T01_clickLoginTest" finished-at="2022-09-19T17:33:25 BST" duration-ms="2784" status="PASS">
          <reporter-output>
          </reporter-output>
        </test-method> <!-- T01_clickLoginTest -->
        <test-method is-config="true" signature="tearDown()[pri:0, instance:com.crm.qa.testcases.BaseUrlTest@791f145a]" started-at="2022-09-19T17:33:25 BST" name="tearDown" finished-at="2022-09-19T17:33:25 BST" duration-ms="149" status="PASS">
          <reporter-output>
          </reporter-output>
        </test-method> <!-- tearDown -->
        <test-method is-config="true" signature="setUp()[pri:0, instance:com.crm.qa.testcases.BaseUrlTest@791f145a]" started-at="2022-09-19T17:33:25 BST" name="setUp" finished-at="2022-09-19T17:33:27 BST" duration-ms="2082" status="PASS">
          <reporter-output>
          </reporter-output>
        </test-method> <!-- setUp -->
        <test-method signature="T02_BaseUrlPageLogoTest()[pri:2, instance:com.crm.qa.testcases.BaseUrlTest@791f145a]" started-at="2022-09-19T17:33:27 BST" name="T02_BaseUrlPageLogoTest" finished-at="2022-09-19T17:33:30 BST" duration-ms="3267" status="PASS">
          <reporter-output>
          </reporter-output>
        </test-method> <!-- T02_BaseUrlPageLogoTest -->
        <test-method is-config="true" signature="tearDown()[pri:0, instance:com.crm.qa.testcases.BaseUrlTest@791f145a]" started-at="2022-09-19T17:33:30 BST" name="tearDown" finished-at="2022-09-19T17:33:31 BST" duration-ms="119" status="PASS">
          <reporter-output>
          </reporter-output>
        </test-method> <!-- tearDown -->
        <test-method is-config="true" signature="setUp()[pri:0, instance:com.crm.qa.testcases.BaseUrlTest@791f145a]" started-at="2022-09-19T17:33:31 BST" name="setUp" finished-at="2022-09-19T17:33:33 BST" duration-ms="2088" status="PASS">
          <reporter-output>
          </reporter-output>
        </test-method> <!-- setUp -->
        <test-method signature="T03_BaseUrlTittletest()[pri:3, instance:com.crm.qa.testcases.BaseUrlTest@791f145a]" started-at="2022-09-19T17:33:33 BST" name="T03_BaseUrlTittletest" finished-at="2022-09-19T17:33:33 BST" duration-ms="14" status="FAIL">
          <exception class="java.lang.AssertionError">
            <message>
              <![CDATA[expected [software for customer relationship management] but found [Free CRM software for customer relationship management]]]>
            </message>
            <full-stacktrace>
              <![CDATA[java.lang.AssertionError: expected [software for customer relationship management] but found [Free CRM software for customer relationship management]
at org.testng.Assert.fail(Assert.java:99)
at org.testng.Assert.failNotEquals(Assert.java:1037)
at org.testng.Assert.assertEqualsImpl(Assert.java:140)
at org.testng.Assert.assertEquals(Assert.java:122)
at org.testng.Assert.assertEquals(Assert.java:629)
at org.testng.Assert.assertEquals(Assert.java:639)
at com.crm.qa.testcases.BaseUrlTest.T03_BaseUrlTittletest(BaseUrlTest.java:50)
at java.base/jdk.internal.reflect.NativeMethodAccessorImpl.invoke0(Native Method)
at java.base/jdk.internal.reflect.NativeMethodAccessorImpl.invoke(NativeMethodAccessorImpl.java:77)
at java.base/jdk.internal.reflect.DelegatingMethodAccessorImpl.invoke(DelegatingMethodAccessorImpl.java:43)
at java.base/java.lang.reflect.Method.invoke(Method.java:568)
at org.testng.internal.MethodInvocationHelper.invokeMethod(MethodInvocationHelper.java:133)
at org.testng.internal.TestInvoker.invokeMethod(TestInvoker.java:598)
at org.testng.internal.TestInvoker.invokeTestMethod(TestInvoker.java:173)
at org.testng.internal.MethodRunner.runInSequence(MethodRunner.java:46)
at org.testng.internal.TestInvoker$MethodInvocationAgent.invoke(TestInvoker.java:824)
at org.testng.internal.TestInvoker.invokeTestMethods(TestInvoker.java:146)
at org.testng.internal.TestMethodWorker.invokeTestMethods(TestMethodWorker.java:146)
at org.testng.internal.TestMethodWorker.run(TestMethodWorker.java:128)
at java.base/java.util.ArrayList.forEach(ArrayList.java:1511)
at org.testng.TestRunner.privateRun(TestRunner.java:794)
at org.testng.TestRunner.run(TestRunner.java:596)
at org.testng.SuiteRunner.runTest(SuiteRunner.java:377)
at org.testng.SuiteRunner.runSequentially(SuiteRunner.java:371)
at org.testng.SuiteRunner.privateRun(SuiteRunner.java:332)
at org.testng.SuiteRunner.run(SuiteRunner.java:276)
at org.testng.SuiteRunnerWorker.runSuite(SuiteRunnerWorker.java:53)
at org.testng.SuiteRunnerWorker.run(SuiteRunnerWorker.java:96)
at org.testng.TestNG.runSuitesSequentially(TestNG.java:1212)
at org.testng.TestNG.runSuitesLocally(TestNG.java:1134)
at org.testng.TestNG.runSuites(TestNG.java:1063)
at org.testng.TestNG.run(TestNG.java:1031)
at com.crm.qa.testcases.TestRunner.main(TestRunner.java:36)
]]>
            </full-stacktrace>
          </exception> <!-- java.lang.AssertionError -->
          <reporter-output>
          </reporter-output>
        </test-method> <!-- T03_BaseUrlTittletest -->
        <test-method is-config="true" signature="tearDown()[pri:0, instance:com.crm.qa.testcases.BaseUrlTest@791f145a]" started-at="2022-09-19T17:33:33 BST" name="tearDown" finished-at="2022-09-19T17:33:33 BST" duration-ms="193" status="PASS">
          <reporter-output>
          </reporter-output>
        </test-method> <!-- tearDown -->
      </class> <!-- com.crm.qa.testcases.BaseUrlTest -->
    </test> <!-- Command line test -->
  </suite> <!-- Command line suite -->
</testng-results>
